
torch.Size([128, 3, 224, 224])
torch.Size([8, 3, 224, 224])
average loss: 2.4373181700706485, epoch acc@1: 0.3849609375
Epoch: 74


train:   0%|          | 0/40 [00:00<?, ?it/s]
batch loss: 2.7016749382019043, batch_acc: 0.28125:   0%|          | 0/40 [00:01<?, ?it/s]
batch loss: 2.7016749382019043, batch_acc: 0.28125:   2%|▎         | 1/40 [00:01<00:41,  1.07s/it]
batch loss: 2.6753053665161133, batch_acc: 0.328125:   2%|▎         | 1/40 [00:01<00:41,  1.07s/it]
batch loss: 2.6753053665161133, batch_acc: 0.328125:   5%|▌         | 2/40 [00:01<00:35,  1.06it/s]
batch loss: 2.6782383918762207, batch_acc: 0.296875:   5%|▌         | 2/40 [00:02<00:35,  1.06it/s]
batch loss: 2.6782383918762207, batch_acc: 0.296875:   8%|▊         | 3/40 [00:02<00:31,  1.17it/s]
batch loss: 2.646401882171631, batch_acc: 0.3515625:   8%|▊         | 3/40 [00:03<00:31,  1.17it/s]
batch loss: 2.646401882171631, batch_acc: 0.3515625:  10%|█         | 4/40 [00:03<00:28,  1.27it/s]
batch loss: 2.9738078117370605, batch_acc: 0.2890625:  10%|█         | 4/40 [00:03<00:28,  1.27it/s]
batch loss: 2.9738078117370605, batch_acc: 0.2890625:  12%|█▎        | 5/40 [00:03<00:26,  1.33it/s]
batch loss: 2.4766266345977783, batch_acc: 0.34375:  12%|█▎        | 5/40 [00:04<00:26,  1.33it/s]  
batch loss: 2.4766266345977783, batch_acc: 0.34375:  15%|█▌        | 6/40 [00:04<00:24,  1.39it/s]
batch loss: 2.9461910724639893, batch_acc: 0.2578125:  15%|█▌        | 6/40 [00:04<00:24,  1.39it/s]
batch loss: 2.9461910724639893, batch_acc: 0.2578125:  18%|█▊        | 7/40 [00:04<00:23,  1.43it/s]
batch loss: 2.597791910171509, batch_acc: 0.328125:  18%|█▊        | 7/40 [00:05<00:23,  1.43it/s]  
batch loss: 2.597791910171509, batch_acc: 0.328125:  20%|██        | 8/40 [00:05<00:21,  1.47it/s]
batch loss: 2.429309368133545, batch_acc: 0.3984375:  20%|██        | 8/40 [00:06<00:21,  1.47it/s]
batch loss: 2.429309368133545, batch_acc: 0.3984375:  22%|██▎       | 9/40 [00:06<00:20,  1.48it/s]
batch loss: 2.5810203552246094, batch_acc: 0.375:  22%|██▎       | 9/40 [00:06<00:20,  1.48it/s]   
batch loss: 2.5810203552246094, batch_acc: 0.375:  25%|██▌       | 10/40 [00:06<00:19,  1.50it/s]
batch loss: 2.571382761001587, batch_acc: 0.3515625:  25%|██▌       | 10/40 [00:07<00:19,  1.50it/s]
batch loss: 2.571382761001587, batch_acc: 0.3515625:  28%|██▊       | 11/40 [00:07<00:19,  1.51it/s]
batch loss: 2.371340274810791, batch_acc: 0.4140625:  28%|██▊       | 11/40 [00:08<00:19,  1.51it/s]
batch loss: 2.371340274810791, batch_acc: 0.4140625:  30%|███       | 12/40 [00:08<00:18,  1.52it/s]
batch loss: 2.6276721954345703, batch_acc: 0.359375:  30%|███       | 12/40 [00:08<00:18,  1.52it/s]
batch loss: 2.6276721954345703, batch_acc: 0.359375:  32%|███▎      | 13/40 [00:08<00:17,  1.52it/s]
batch loss: 2.3948590755462646, batch_acc: 0.4140625:  32%|███▎      | 13/40 [00:09<00:17,  1.52it/s]
batch loss: 2.3948590755462646, batch_acc: 0.4140625:  35%|███▌      | 14/40 [00:09<00:17,  1.53it/s]
batch loss: 2.6225709915161133, batch_acc: 0.3515625:  35%|███▌      | 14/40 [00:10<00:17,  1.53it/s]
batch loss: 2.6225709915161133, batch_acc: 0.3515625:  38%|███▊      | 15/40 [00:10<00:16,  1.53it/s]
batch loss: 2.7812585830688477, batch_acc: 0.296875:  38%|███▊      | 15/40 [00:10<00:16,  1.53it/s] 
batch loss: 2.7812585830688477, batch_acc: 0.296875:  40%|████      | 16/40 [00:10<00:15,  1.54it/s]
batch loss: 2.315786361694336, batch_acc: 0.4375:  40%|████      | 16/40 [00:11<00:15,  1.54it/s]   
batch loss: 2.315786361694336, batch_acc: 0.4375:  42%|████▎     | 17/40 [00:11<00:15,  1.53it/s]
batch loss: 2.45748233795166, batch_acc: 0.3828125:  42%|████▎     | 17/40 [00:12<00:15,  1.53it/s]
batch loss: 2.45748233795166, batch_acc: 0.3828125:  45%|████▌     | 18/40 [00:12<00:14,  1.54it/s]
batch loss: 2.58418345451355, batch_acc: 0.296875:  45%|████▌     | 18/40 [00:12<00:14,  1.54it/s] 
batch loss: 2.58418345451355, batch_acc: 0.296875:  48%|████▊     | 19/40 [00:12<00:13,  1.53it/s]
batch loss: 2.256774663925171, batch_acc: 0.421875:  48%|████▊     | 19/40 [00:13<00:13,  1.53it/s]
batch loss: 2.256774663925171, batch_acc: 0.421875:  50%|█████     | 20/40 [00:13<00:13,  1.54it/s]
batch loss: 2.398803949356079, batch_acc: 0.3671875:  50%|█████     | 20/40 [00:14<00:13,  1.54it/s]
batch loss: 2.398803949356079, batch_acc: 0.3671875:  52%|█████▎    | 21/40 [00:14<00:12,  1.53it/s]
batch loss: 2.3217556476593018, batch_acc: 0.4140625:  52%|█████▎    | 21/40 [00:14<00:12,  1.53it/s]
batch loss: 2.3217556476593018, batch_acc: 0.4140625:  55%|█████▌    | 22/40 [00:14<00:11,  1.53it/s]
batch loss: 2.7681336402893066, batch_acc: 0.3203125:  55%|█████▌    | 22/40 [00:15<00:11,  1.53it/s]
batch loss: 2.7681336402893066, batch_acc: 0.3203125:  57%|█████▊    | 23/40 [00:15<00:11,  1.53it/s]
batch loss: 2.5779266357421875, batch_acc: 0.296875:  57%|█████▊    | 23/40 [00:16<00:11,  1.53it/s] 
batch loss: 2.5779266357421875, batch_acc: 0.296875:  60%|██████    | 24/40 [00:16<00:10,  1.54it/s]
batch loss: 2.5633833408355713, batch_acc: 0.3359375:  60%|██████    | 24/40 [00:16<00:10,  1.54it/s]
batch loss: 2.5633833408355713, batch_acc: 0.3359375:  62%|██████▎   | 25/40 [00:16<00:09,  1.53it/s]
batch loss: 2.619579315185547, batch_acc: 0.359375:  62%|██████▎   | 25/40 [00:17<00:09,  1.53it/s]  
batch loss: 2.619579315185547, batch_acc: 0.359375:  65%|██████▌   | 26/40 [00:17<00:09,  1.54it/s]
batch loss: 2.5515999794006348, batch_acc: 0.3359375:  65%|██████▌   | 26/40 [00:17<00:09,  1.54it/s]
batch loss: 2.5515999794006348, batch_acc: 0.3359375:  68%|██████▊   | 27/40 [00:17<00:08,  1.54it/s]
batch loss: 2.4399471282958984, batch_acc: 0.3515625:  68%|██████▊   | 27/40 [00:18<00:08,  1.54it/s]
batch loss: 2.4399471282958984, batch_acc: 0.3515625:  70%|███████   | 28/40 [00:18<00:07,  1.54it/s]
batch loss: 2.5443387031555176, batch_acc: 0.328125:  70%|███████   | 28/40 [00:19<00:07,  1.54it/s] 
batch loss: 2.5443387031555176, batch_acc: 0.328125:  72%|███████▎  | 29/40 [00:19<00:07,  1.53it/s]
batch loss: 2.347121000289917, batch_acc: 0.3671875:  72%|███████▎  | 29/40 [00:19<00:07,  1.53it/s]
batch loss: 2.347121000289917, batch_acc: 0.3671875:  75%|███████▌  | 30/40 [00:19<00:06,  1.54it/s]
batch loss: 2.4758098125457764, batch_acc: 0.3671875:  75%|███████▌  | 30/40 [00:20<00:06,  1.54it/s]
batch loss: 2.4758098125457764, batch_acc: 0.3671875:  78%|███████▊  | 31/40 [00:20<00:05,  1.53it/s]
batch loss: 2.4370620250701904, batch_acc: 0.3828125:  78%|███████▊  | 31/40 [00:21<00:05,  1.53it/s]
batch loss: 2.4370620250701904, batch_acc: 0.3828125:  80%|████████  | 32/40 [00:21<00:05,  1.54it/s]
batch loss: 2.5269436836242676, batch_acc: 0.3515625:  80%|████████  | 32/40 [00:21<00:05,  1.54it/s]
batch loss: 2.5269436836242676, batch_acc: 0.3515625:  82%|████████▎ | 33/40 [00:21<00:04,  1.54it/s]
batch loss: 2.5463004112243652, batch_acc: 0.3515625:  82%|████████▎ | 33/40 [00:22<00:04,  1.54it/s]
batch loss: 2.5463004112243652, batch_acc: 0.3515625:  85%|████████▌ | 34/40 [00:22<00:03,  1.54it/s]
batch loss: 2.6196110248565674, batch_acc: 0.3515625:  85%|████████▌ | 34/40 [00:23<00:03,  1.54it/s]
batch loss: 2.6196110248565674, batch_acc: 0.3515625:  88%|████████▊ | 35/40 [00:23<00:03,  1.55it/s]
batch loss: 2.4630000591278076, batch_acc: 0.390625:  88%|████████▊ | 35/40 [00:23<00:03,  1.55it/s] 
batch loss: 2.4630000591278076, batch_acc: 0.390625:  90%|█████████ | 36/40 [00:23<00:02,  1.55it/s]
batch loss: 2.327986478805542, batch_acc: 0.34375:  90%|█████████ | 36/40 [00:24<00:02,  1.55it/s]  
batch loss: 2.327986478805542, batch_acc: 0.34375:  92%|█████████▎| 37/40 [00:24<00:01,  1.55it/s]
batch loss: 2.554356575012207, batch_acc: 0.3671875:  92%|█████████▎| 37/40 [00:25<00:01,  1.55it/s]
batch loss: 2.554356575012207, batch_acc: 0.3671875:  95%|█████████▌| 38/40 [00:25<00:01,  1.55it/s]
batch loss: 2.600660800933838, batch_acc: 0.3515625:  95%|█████████▌| 38/40 [00:25<00:01,  1.55it/s]
batch loss: 2.600660800933838, batch_acc: 0.3515625:  98%|█████████▊| 39/40 [00:25<00:00,  1.55it/s]
batch loss: 2.2186496257781982, batch_acc: 0.375:  98%|█████████▊| 39/40 [00:25<00:00,  1.55it/s]   
batch loss: 2.2186496257781982, batch_acc: 0.375: 100%|██████████| 40/40 [00:25<00:00,  1.55it/s]torch.Size([128, 3, 224, 224])
torch.Size([128, 3, 224, 224])
torch.Size([128, 3, 224, 224])
torch.Size([128, 3, 224, 224])
torch.Size([128, 3, 224, 224])
torch.Size([128, 3, 224, 224])
torch.Size([128, 3, 224, 224])
torch.Size([128, 3, 224, 224])
torch.Size([128, 3, 224, 224])
torch.Size([128, 3, 224, 224])
torch.Size([128, 3, 224, 224])
torch.Size([128, 3, 224, 224])
torch.Size([128, 3, 224, 224])
torch.Size([128, 3, 224, 224])
torch.Size([128, 3, 224, 224])
torch.Size([128, 3, 224, 224])
torch.Size([128, 3, 224, 224])
torch.Size([128, 3, 224, 224])
torch.Size([128, 3, 224, 224])
torch.Size([128, 3, 224, 224])
torch.Size([128, 3, 224, 224])
torch.Size([128, 3, 224, 224])
torch.Size([128, 3, 224, 224])
torch.Size([128, 3, 224, 224])
torch.Size([128, 3, 224, 224])
torch.Size([128, 3, 224, 224])
torch.Size([128, 3, 224, 224])
torch.Size([128, 3, 224, 224])
torch.Size([128, 3, 224, 224])
torch.Size([128, 3, 224, 224])
torch.Size([128, 3, 224, 224])
torch.Size([128, 3, 224, 224])
torch.Size([128, 3, 224, 224])
torch.Size([128, 3, 224, 224])
torch.Size([128, 3, 224, 224])
torch.Size([128, 3, 224, 224])
torch.Size([128, 3, 224, 224])
torch.Size([128, 3, 224, 224])
torch.Size([128, 3, 224, 224])
torch.Size([8, 3, 224, 224])
average loss: 2.5398162066936485, epoch acc@1: 0.3521484374999999
Epoch: 75


train:   0%|          | 0/40 [00:00<?, ?it/s]
batch loss: 2.7871477603912354, batch_acc: 0.328125:   0%|          | 0/40 [00:01<?, ?it/s]
batch loss: 2.7871477603912354, batch_acc: 0.328125:   2%|▎         | 1/40 [00:01<00:40,  1.03s/it]
batch loss: 2.2696871757507324, batch_acc: 0.4296875:   2%|▎         | 1/40 [00:01<00:40,  1.03s/it]
batch loss: 2.2696871757507324, batch_acc: 0.4296875:   5%|▌         | 2/40 [00:01<00:34,  1.10it/s]
batch loss: 2.291916847229004, batch_acc: 0.4453125:   5%|▌         | 2/40 [00:02<00:34,  1.10it/s] 
batch loss: 2.291916847229004, batch_acc: 0.4453125:   8%|▊         | 3/40 [00:02<00:30,  1.20it/s]